

============================== 2023-02-15 03:46:47.131571 | 1f69758f-f8a4-485f-90fd-359cbbc90252 ==============================
[0m03:46:47.131571 [info ] [MainThread]: Running with dbt=1.4.1
[0m03:46:47.131571 [debug] [MainThread]: running dbt with arguments {'write_json': True, 'use_colors': True, 'printer_width': 80, 'version_check': True, 'partial_parse': True, 'static_parser': True, 'profiles_dir': 'C:\\Users\\Adam\\.dbt', 'send_anonymous_usage_stats': True, 'quiet': False, 'no_print': False, 'cache_selected_only': False, 'config_dir': False, 'which': 'debug', 'indirect_selection': 'eager'}
[0m03:46:47.138186 [debug] [MainThread]: Tracking: tracking
[0m03:46:47.199488 [debug] [MainThread]: Sending event: {'category': 'dbt', 'action': 'invocation', 'label': 'start', 'context': [<snowplow_tracker.self_describing_json.SelfDescribingJson object at 0x000002C93AE1BB80>, <snowplow_tracker.self_describing_json.SelfDescribingJson object at 0x000002C93AE1B9D0>, <snowplow_tracker.self_describing_json.SelfDescribingJson object at 0x000002C93AB130D0>]}
[0m03:46:48.215506 [debug] [MainThread]: Executing "git --help"
[0m03:46:48.333403 [debug] [MainThread]: STDOUT: "b"usage: git [-v | --version] [-h | --help] [-C <path>] [-c <name>=<value>]\n           [--exec-path[=<path>]] [--html-path] [--man-path] [--info-path]\n           [-p | --paginate | -P | --no-pager] [--no-replace-objects] [--bare]\n           [--git-dir=<path>] [--work-tree=<path>] [--namespace=<name>]\n           [--super-prefix=<path>] [--config-env=<name>=<envvar>]\n           <command> [<args>]\n\nThese are common Git commands used in various situations:\n\nstart a working area (see also: git help tutorial)\n   clone     Clone a repository into a new directory\n   init      Create an empty Git repository or reinitialize an existing one\n\nwork on the current change (see also: git help everyday)\n   add       Add file contents to the index\n   mv        Move or rename a file, a directory, or a symlink\n   restore   Restore working tree files\n   rm        Remove files from the working tree and from the index\n\nexamine the history and state (see also: git help revisions)\n   bisect    Use binary search to find the commit that introduced a bug\n   diff      Show changes between commits, commit and working tree, etc\n   grep      Print lines matching a pattern\n   log       Show commit logs\n   show      Show various types of objects\n   status    Show the working tree status\n\ngrow, mark and tweak your common history\n   branch    List, create, or delete branches\n   commit    Record changes to the repository\n   merge     Join two or more development histories together\n   rebase    Reapply commits on top of another base tip\n   reset     Reset current HEAD to the specified state\n   switch    Switch branches\n   tag       Create, list, delete or verify a tag object signed with GPG\n\ncollaborate (see also: git help workflows)\n   fetch     Download objects and refs from another repository\n   pull      Fetch from and integrate with another repository or a local branch\n   push      Update remote refs along with associated objects\n\n'git help -a' and 'git help -g' list available subcommands and some\nconcept guides. See 'git help <command>' or 'git help <concept>'\nto read about a specific subcommand or concept.\nSee 'git help git' for an overview of the system.\n""
[0m03:46:48.333403 [debug] [MainThread]: STDERR: "b''"
[0m03:46:48.344210 [debug] [MainThread]: Acquiring new snowflake connection 'debug'
[0m03:46:48.344210 [debug] [MainThread]: Using snowflake connection "debug"
[0m03:46:48.344210 [debug] [MainThread]: On debug: select 1 as id
[0m03:46:48.344210 [debug] [MainThread]: Opening a new connection, currently in state init
[0m03:46:50.167350 [debug] [MainThread]: SQL status: SUCCESS 1 in 2 seconds
[0m03:46:50.167350 [debug] [MainThread]: On debug: Close
[0m03:46:50.317538 [debug] [MainThread]: Sending event: {'category': 'dbt', 'action': 'invocation', 'label': 'end', 'context': [<snowplow_tracker.self_describing_json.SelfDescribingJson object at 0x000002C93BD23EE0>, <snowplow_tracker.self_describing_json.SelfDescribingJson object at 0x000002C93BD237F0>, <snowplow_tracker.self_describing_json.SelfDescribingJson object at 0x000002C93B235C30>]}
[0m03:46:50.327405 [debug] [MainThread]: Flushing usage events
[0m03:46:50.697144 [debug] [MainThread]: Connection 'debug' was properly closed.


============================== 2023-02-15 03:53:40.122981 | 3809cc5e-ec05-4b4c-88c0-f9c6abfe310c ==============================
[0m03:53:40.122981 [info ] [MainThread]: Running with dbt=1.4.1
[0m03:53:40.122981 [debug] [MainThread]: running dbt with arguments {'write_json': True, 'use_colors': True, 'printer_width': 80, 'version_check': True, 'partial_parse': True, 'static_parser': True, 'profiles_dir': 'C:\\Users\\Adam\\.dbt', 'send_anonymous_usage_stats': True, 'quiet': False, 'no_print': False, 'cache_selected_only': False, 'config_dir': False, 'which': 'debug', 'indirect_selection': 'eager'}
[0m03:53:40.137640 [debug] [MainThread]: Tracking: tracking
[0m03:53:40.188188 [debug] [MainThread]: Sending event: {'category': 'dbt', 'action': 'invocation', 'label': 'start', 'context': [<snowplow_tracker.self_describing_json.SelfDescribingJson object at 0x0000028792D79450>, <snowplow_tracker.self_describing_json.SelfDescribingJson object at 0x0000028792D7BD30>, <snowplow_tracker.self_describing_json.SelfDescribingJson object at 0x0000028792D79A20>]}
[0m03:53:40.745200 [debug] [MainThread]: Executing "git --help"
[0m03:53:40.800699 [debug] [MainThread]: STDOUT: "b"usage: git [-v | --version] [-h | --help] [-C <path>] [-c <name>=<value>]\n           [--exec-path[=<path>]] [--html-path] [--man-path] [--info-path]\n           [-p | --paginate | -P | --no-pager] [--no-replace-objects] [--bare]\n           [--git-dir=<path>] [--work-tree=<path>] [--namespace=<name>]\n           [--super-prefix=<path>] [--config-env=<name>=<envvar>]\n           <command> [<args>]\n\nThese are common Git commands used in various situations:\n\nstart a working area (see also: git help tutorial)\n   clone     Clone a repository into a new directory\n   init      Create an empty Git repository or reinitialize an existing one\n\nwork on the current change (see also: git help everyday)\n   add       Add file contents to the index\n   mv        Move or rename a file, a directory, or a symlink\n   restore   Restore working tree files\n   rm        Remove files from the working tree and from the index\n\nexamine the history and state (see also: git help revisions)\n   bisect    Use binary search to find the commit that introduced a bug\n   diff      Show changes between commits, commit and working tree, etc\n   grep      Print lines matching a pattern\n   log       Show commit logs\n   show      Show various types of objects\n   status    Show the working tree status\n\ngrow, mark and tweak your common history\n   branch    List, create, or delete branches\n   commit    Record changes to the repository\n   merge     Join two or more development histories together\n   rebase    Reapply commits on top of another base tip\n   reset     Reset current HEAD to the specified state\n   switch    Switch branches\n   tag       Create, list, delete or verify a tag object signed with GPG\n\ncollaborate (see also: git help workflows)\n   fetch     Download objects and refs from another repository\n   pull      Fetch from and integrate with another repository or a local branch\n   push      Update remote refs along with associated objects\n\n'git help -a' and 'git help -g' list available subcommands and some\nconcept guides. See 'git help <command>' or 'git help <concept>'\nto read about a specific subcommand or concept.\nSee 'git help git' for an overview of the system.\n""
[0m03:53:40.800699 [debug] [MainThread]: STDERR: "b''"
[0m03:53:40.805911 [debug] [MainThread]: Acquiring new snowflake connection 'debug'
[0m03:53:40.806881 [debug] [MainThread]: Using snowflake connection "debug"
[0m03:53:40.807875 [debug] [MainThread]: On debug: select 1 as id
[0m03:53:40.807875 [debug] [MainThread]: Opening a new connection, currently in state init
[0m03:53:42.389705 [debug] [MainThread]: SQL status: SUCCESS 1 in 2 seconds
[0m03:53:42.389705 [debug] [MainThread]: On debug: Close
[0m03:53:42.533856 [debug] [MainThread]: Sending event: {'category': 'dbt', 'action': 'invocation', 'label': 'end', 'context': [<snowplow_tracker.self_describing_json.SelfDescribingJson object at 0x0000028794465BA0>, <snowplow_tracker.self_describing_json.SelfDescribingJson object at 0x0000028794DB2DA0>, <snowplow_tracker.self_describing_json.SelfDescribingJson object at 0x0000028794DB1900>]}
[0m03:53:42.545805 [debug] [MainThread]: Flushing usage events
[0m03:53:42.890509 [debug] [MainThread]: Connection 'debug' was properly closed.


============================== 2023-02-15 03:53:55.928754 | 05c645cf-0080-42b7-9152-6efa39d5a626 ==============================
[0m03:53:55.928754 [info ] [MainThread]: Running with dbt=1.4.1
[0m03:53:55.930747 [debug] [MainThread]: running dbt with arguments {'write_json': True, 'use_colors': True, 'printer_width': 80, 'version_check': True, 'partial_parse': True, 'static_parser': True, 'profiles_dir': 'C:\\Users\\Adam\\.dbt', 'send_anonymous_usage_stats': True, 'quiet': False, 'no_print': False, 'cache_selected_only': False, 'which': 'run', 'rpc_method': 'run', 'indirect_selection': 'eager'}
[0m03:53:55.931747 [debug] [MainThread]: Tracking: tracking
[0m03:53:55.933625 [debug] [MainThread]: Sending event: {'category': 'dbt', 'action': 'invocation', 'label': 'start', 'context': [<snowplow_tracker.self_describing_json.SelfDescribingJson object at 0x0000021CAC65B700>, <snowplow_tracker.self_describing_json.SelfDescribingJson object at 0x0000021CAF6F30D0>, <snowplow_tracker.self_describing_json.SelfDescribingJson object at 0x0000021CAF6F3070>]}
[0m03:53:55.948632 [info ] [MainThread]: Unable to do partial parsing because saved manifest not found. Starting full parse.
[0m03:53:55.949623 [debug] [MainThread]: Sending event: {'category': 'dbt', 'action': 'partial_parser', 'label': '05c645cf-0080-42b7-9152-6efa39d5a626', 'context': [<snowplow_tracker.self_describing_json.SelfDescribingJson object at 0x0000021CAF6F0E20>]}
[0m03:53:56.745200 [debug] [MainThread]: 1699: static parser successfully parsed example\my_first_dbt_model.sql
[0m03:53:56.760818 [debug] [MainThread]: 1699: static parser successfully parsed example\my_second_dbt_model.sql
[0m03:53:56.878810 [debug] [MainThread]: Sending event: {'category': 'dbt', 'action': 'load_project', 'label': '05c645cf-0080-42b7-9152-6efa39d5a626', 'context': [<snowplow_tracker.self_describing_json.SelfDescribingJson object at 0x0000021CAF7EB880>]}
[0m03:53:56.894951 [debug] [MainThread]: Sending event: {'category': 'dbt', 'action': 'resource_counts', 'label': '05c645cf-0080-42b7-9152-6efa39d5a626', 'context': [<snowplow_tracker.self_describing_json.SelfDescribingJson object at 0x0000021CAF7EAEC0>]}
[0m03:53:56.894951 [info ] [MainThread]: Found 2 models, 4 tests, 0 snapshots, 0 analyses, 304 macros, 0 operations, 0 seed files, 0 sources, 0 exposures, 0 metrics
[0m03:53:56.894951 [debug] [MainThread]: Sending event: {'category': 'dbt', 'action': 'runnable_timing', 'label': '05c645cf-0080-42b7-9152-6efa39d5a626', 'context': [<snowplow_tracker.self_describing_json.SelfDescribingJson object at 0x0000021CAC65B700>]}
[0m03:53:56.900003 [info ] [MainThread]: 
[0m03:53:56.902333 [debug] [MainThread]: Acquiring new snowflake connection 'master'
[0m03:53:56.905327 [debug] [ThreadPool]: Acquiring new snowflake connection 'list_RAW'
[0m03:53:56.923561 [debug] [ThreadPool]: Using snowflake connection "list_RAW"
[0m03:53:56.924542 [debug] [ThreadPool]: On list_RAW: /* {"app": "dbt", "dbt_version": "1.4.1", "profile_name": "dbt_init", "target_name": "dev", "connection_name": "list_RAW"} */
show terse schemas in database RAW
    limit 10000
[0m03:53:56.924542 [debug] [ThreadPool]: Opening a new connection, currently in state init
[0m03:53:58.380999 [debug] [ThreadPool]: SQL status: SUCCESS 4 in 1 seconds
[0m03:53:58.383024 [debug] [ThreadPool]: On list_RAW: Close
[0m03:53:58.528845 [debug] [ThreadPool]: Acquiring new snowflake connection 'create_RAW_DBT_DEVELOPMENT_DB'
[0m03:53:58.544533 [debug] [ThreadPool]: Acquiring new snowflake connection 'create_RAW_DBT_DEVELOPMENT_DB'
[0m03:53:58.545549 [debug] [ThreadPool]: Creating schema "ReferenceKeyMsg(database='raw', schema='dbt_development_db', identifier=None)"
[0m03:53:58.545549 [debug] [ThreadPool]: Using snowflake connection "create_RAW_DBT_DEVELOPMENT_DB"
[0m03:53:58.545549 [debug] [ThreadPool]: On create_RAW_DBT_DEVELOPMENT_DB: /* {"app": "dbt", "dbt_version": "1.4.1", "profile_name": "dbt_init", "target_name": "dev", "connection_name": "create_RAW_DBT_DEVELOPMENT_DB"} */
create schema if not exists RAW.DBT_DEVELOPMENT_DB
[0m03:53:58.545549 [debug] [ThreadPool]: Opening a new connection, currently in state closed
[0m03:53:59.858782 [debug] [ThreadPool]: Snowflake adapter: Snowflake query id: 01aa56cb-0000-3c01-0000-6d9900034032
[0m03:53:59.858782 [debug] [ThreadPool]: Snowflake adapter: Snowflake error: 003001 (42501): SQL access control error:
Insufficient privileges to operate on database 'RAW'
[0m03:53:59.858782 [debug] [ThreadPool]: Snowflake adapter: Error running SQL: macro create_schema
[0m03:53:59.858782 [debug] [ThreadPool]: Snowflake adapter: Rolling back transaction.
[0m03:53:59.858782 [debug] [ThreadPool]: On create_RAW_DBT_DEVELOPMENT_DB: Close
[0m03:54:00.008533 [debug] [MainThread]: Connection 'master' was properly closed.
[0m03:54:00.008533 [debug] [MainThread]: Connection 'create_RAW_DBT_DEVELOPMENT_DB' was properly closed.
[0m03:54:00.009533 [info ] [MainThread]: 
[0m03:54:00.010530 [info ] [MainThread]: Finished running  in 0 hours 0 minutes and 3.11 seconds (3.11s).
[0m03:54:00.011528 [debug] [MainThread]: Sending event: {'category': 'dbt', 'action': 'invocation', 'label': 'end', 'context': [<snowplow_tracker.self_describing_json.SelfDescribingJson object at 0x0000021CAF78F760>, <snowplow_tracker.self_describing_json.SelfDescribingJson object at 0x0000021CAFAD3940>, <snowplow_tracker.self_describing_json.SelfDescribingJson object at 0x0000021CAFAD1F30>]}
[0m03:54:00.011528 [debug] [MainThread]: Flushing usage events
[0m03:54:00.304546 [error] [MainThread]: Encountered an error:
Database Error
  003001 (42501): SQL access control error:
  Insufficient privileges to operate on database 'RAW'


============================== 2023-02-15 03:59:17.500317 | fe72991b-d87a-4513-aa11-bd7f7173b4be ==============================
[0m03:59:17.500317 [info ] [MainThread]: Running with dbt=1.4.1
[0m03:59:17.503309 [debug] [MainThread]: running dbt with arguments {'write_json': True, 'use_colors': True, 'printer_width': 80, 'version_check': True, 'partial_parse': True, 'static_parser': True, 'profiles_dir': 'C:\\Users\\Adam\\.dbt', 'send_anonymous_usage_stats': True, 'quiet': False, 'no_print': False, 'cache_selected_only': False, 'config_dir': False, 'which': 'debug', 'indirect_selection': 'eager'}
[0m03:59:17.503309 [debug] [MainThread]: Tracking: tracking
[0m03:59:17.554379 [debug] [MainThread]: Sending event: {'category': 'dbt', 'action': 'invocation', 'label': 'start', 'context': [<snowplow_tracker.self_describing_json.SelfDescribingJson object at 0x0000029BF2B69450>, <snowplow_tracker.self_describing_json.SelfDescribingJson object at 0x0000029BF2B6BD30>, <snowplow_tracker.self_describing_json.SelfDescribingJson object at 0x0000029BF2B69A20>]}
[0m03:59:18.088661 [debug] [MainThread]: Executing "git --help"
[0m03:59:18.155712 [debug] [MainThread]: STDOUT: "b"usage: git [-v | --version] [-h | --help] [-C <path>] [-c <name>=<value>]\n           [--exec-path[=<path>]] [--html-path] [--man-path] [--info-path]\n           [-p | --paginate | -P | --no-pager] [--no-replace-objects] [--bare]\n           [--git-dir=<path>] [--work-tree=<path>] [--namespace=<name>]\n           [--super-prefix=<path>] [--config-env=<name>=<envvar>]\n           <command> [<args>]\n\nThese are common Git commands used in various situations:\n\nstart a working area (see also: git help tutorial)\n   clone     Clone a repository into a new directory\n   init      Create an empty Git repository or reinitialize an existing one\n\nwork on the current change (see also: git help everyday)\n   add       Add file contents to the index\n   mv        Move or rename a file, a directory, or a symlink\n   restore   Restore working tree files\n   rm        Remove files from the working tree and from the index\n\nexamine the history and state (see also: git help revisions)\n   bisect    Use binary search to find the commit that introduced a bug\n   diff      Show changes between commits, commit and working tree, etc\n   grep      Print lines matching a pattern\n   log       Show commit logs\n   show      Show various types of objects\n   status    Show the working tree status\n\ngrow, mark and tweak your common history\n   branch    List, create, or delete branches\n   commit    Record changes to the repository\n   merge     Join two or more development histories together\n   rebase    Reapply commits on top of another base tip\n   reset     Reset current HEAD to the specified state\n   switch    Switch branches\n   tag       Create, list, delete or verify a tag object signed with GPG\n\ncollaborate (see also: git help workflows)\n   fetch     Download objects and refs from another repository\n   pull      Fetch from and integrate with another repository or a local branch\n   push      Update remote refs along with associated objects\n\n'git help -a' and 'git help -g' list available subcommands and some\nconcept guides. See 'git help <command>' or 'git help <concept>'\nto read about a specific subcommand or concept.\nSee 'git help git' for an overview of the system.\n""
[0m03:59:18.156715 [debug] [MainThread]: STDERR: "b''"
[0m03:59:18.161709 [debug] [MainThread]: Acquiring new snowflake connection 'debug'
[0m03:59:18.162698 [debug] [MainThread]: Using snowflake connection "debug"
[0m03:59:18.163696 [debug] [MainThread]: On debug: select 1 as id
[0m03:59:18.163696 [debug] [MainThread]: Opening a new connection, currently in state init
[0m03:59:19.739139 [debug] [MainThread]: SQL status: SUCCESS 1 in 2 seconds
[0m03:59:19.755662 [debug] [MainThread]: On debug: Close
[0m03:59:19.903203 [debug] [MainThread]: Sending event: {'category': 'dbt', 'action': 'invocation', 'label': 'end', 'context': [<snowplow_tracker.self_describing_json.SelfDescribingJson object at 0x0000029BF3285BA0>, <snowplow_tracker.self_describing_json.SelfDescribingJson object at 0x0000029BF3D838E0>, <snowplow_tracker.self_describing_json.SelfDescribingJson object at 0x0000029BF3D83C70>]}
[0m03:59:19.911929 [debug] [MainThread]: Flushing usage events
[0m03:59:20.272269 [debug] [MainThread]: Connection 'debug' was properly closed.


============================== 2023-02-15 23:01:31.915415 | 48d18872-f3d3-4d65-ae02-1ff8639a8219 ==============================
[0m23:01:31.915415 [info ] [MainThread]: Running with dbt=1.4.1
[0m23:01:31.924391 [debug] [MainThread]: running dbt with arguments {'write_json': True, 'use_colors': True, 'printer_width': 80, 'version_check': True, 'partial_parse': True, 'static_parser': True, 'profiles_dir': 'C:\\Users\\Adam\\.dbt', 'send_anonymous_usage_stats': True, 'quiet': False, 'no_print': False, 'cache_selected_only': False, 'config_dir': False, 'which': 'debug', 'indirect_selection': 'eager'}
[0m23:01:31.925388 [debug] [MainThread]: Tracking: tracking
[0m23:01:32.005965 [debug] [MainThread]: Sending event: {'category': 'dbt', 'action': 'invocation', 'label': 'start', 'context': [<snowplow_tracker.self_describing_json.SelfDescribingJson object at 0x000001BDDB6DBB50>, <snowplow_tracker.self_describing_json.SelfDescribingJson object at 0x000001BDDB6DB9D0>, <snowplow_tracker.self_describing_json.SelfDescribingJson object at 0x000001BDDA4030D0>]}
[0m23:01:33.235264 [debug] [MainThread]: Executing "git --help"
[0m23:01:33.406313 [debug] [MainThread]: STDOUT: "b"usage: git [-v | --version] [-h | --help] [-C <path>] [-c <name>=<value>]\n           [--exec-path[=<path>]] [--html-path] [--man-path] [--info-path]\n           [-p | --paginate | -P | --no-pager] [--no-replace-objects] [--bare]\n           [--git-dir=<path>] [--work-tree=<path>] [--namespace=<name>]\n           [--super-prefix=<path>] [--config-env=<name>=<envvar>]\n           <command> [<args>]\n\nThese are common Git commands used in various situations:\n\nstart a working area (see also: git help tutorial)\n   clone     Clone a repository into a new directory\n   init      Create an empty Git repository or reinitialize an existing one\n\nwork on the current change (see also: git help everyday)\n   add       Add file contents to the index\n   mv        Move or rename a file, a directory, or a symlink\n   restore   Restore working tree files\n   rm        Remove files from the working tree and from the index\n\nexamine the history and state (see also: git help revisions)\n   bisect    Use binary search to find the commit that introduced a bug\n   diff      Show changes between commits, commit and working tree, etc\n   grep      Print lines matching a pattern\n   log       Show commit logs\n   show      Show various types of objects\n   status    Show the working tree status\n\ngrow, mark and tweak your common history\n   branch    List, create, or delete branches\n   commit    Record changes to the repository\n   merge     Join two or more development histories together\n   rebase    Reapply commits on top of another base tip\n   reset     Reset current HEAD to the specified state\n   switch    Switch branches\n   tag       Create, list, delete or verify a tag object signed with GPG\n\ncollaborate (see also: git help workflows)\n   fetch     Download objects and refs from another repository\n   pull      Fetch from and integrate with another repository or a local branch\n   push      Update remote refs along with associated objects\n\n'git help -a' and 'git help -g' list available subcommands and some\nconcept guides. See 'git help <command>' or 'git help <concept>'\nto read about a specific subcommand or concept.\nSee 'git help git' for an overview of the system.\n""
[0m23:01:33.408303 [debug] [MainThread]: STDERR: "b''"
[0m23:01:33.435232 [debug] [MainThread]: Acquiring new snowflake connection 'debug'
[0m23:01:33.439246 [debug] [MainThread]: Using snowflake connection "debug"
[0m23:01:33.442215 [debug] [MainThread]: On debug: select 1 as id
[0m23:01:33.445204 [debug] [MainThread]: Opening a new connection, currently in state init
[0m23:01:35.788520 [debug] [MainThread]: SQL status: SUCCESS 1 in 2 seconds
[0m23:01:35.792543 [debug] [MainThread]: On debug: Close
[0m23:01:36.041446 [debug] [MainThread]: Sending event: {'category': 'dbt', 'action': 'invocation', 'label': 'end', 'context': [<snowplow_tracker.self_describing_json.SelfDescribingJson object at 0x000001BDDC5AB580>, <snowplow_tracker.self_describing_json.SelfDescribingJson object at 0x000001BDDC5AAFE0>, <snowplow_tracker.self_describing_json.SelfDescribingJson object at 0x000001BDDC5F3910>]}
[0m23:01:36.042447 [debug] [MainThread]: Flushing usage events
[0m23:01:36.399023 [debug] [MainThread]: Connection 'debug' was properly closed.


============================== 2023-02-15 23:10:59.669401 | b666c382-08a7-464e-bc32-738979f1d3ab ==============================
[0m23:10:59.669401 [info ] [MainThread]: Running with dbt=1.4.1
[0m23:10:59.673388 [debug] [MainThread]: running dbt with arguments {'write_json': True, 'use_colors': True, 'printer_width': 80, 'version_check': True, 'partial_parse': True, 'static_parser': True, 'profiles_dir': 'C:\\Users\\Adam\\.dbt', 'send_anonymous_usage_stats': True, 'quiet': False, 'no_print': False, 'cache_selected_only': False, 'which': 'run', 'rpc_method': 'run', 'indirect_selection': 'eager'}
[0m23:10:59.673388 [debug] [MainThread]: Tracking: tracking
[0m23:10:59.675385 [debug] [MainThread]: Sending event: {'category': 'dbt', 'action': 'invocation', 'label': 'start', 'context': [<snowplow_tracker.self_describing_json.SelfDescribingJson object at 0x00000293B39AAAA0>, <snowplow_tracker.self_describing_json.SelfDescribingJson object at 0x00000293B6A83130>, <snowplow_tracker.self_describing_json.SelfDescribingJson object at 0x00000293B6A830D0>]}
[0m23:10:59.729240 [info ] [MainThread]: Unable to do partial parsing because profile has changed
[0m23:10:59.733229 [debug] [MainThread]: Sending event: {'category': 'dbt', 'action': 'partial_parser', 'label': 'b666c382-08a7-464e-bc32-738979f1d3ab', 'context': [<snowplow_tracker.self_describing_json.SelfDescribingJson object at 0x00000293B6A813C0>]}
[0m23:11:02.361401 [debug] [MainThread]: 1699: static parser successfully parsed example\my_first_dbt_model.sql
[0m23:11:02.398827 [debug] [MainThread]: 1699: static parser successfully parsed example\my_second_dbt_model.sql
[0m23:11:02.542823 [debug] [MainThread]: Sending event: {'category': 'dbt', 'action': 'load_project', 'label': 'b666c382-08a7-464e-bc32-738979f1d3ab', 'context': [<snowplow_tracker.self_describing_json.SelfDescribingJson object at 0x00000293B6B059C0>]}
[0m23:11:02.554792 [debug] [MainThread]: Sending event: {'category': 'dbt', 'action': 'resource_counts', 'label': 'b666c382-08a7-464e-bc32-738979f1d3ab', 'context': [<snowplow_tracker.self_describing_json.SelfDescribingJson object at 0x00000293B6B06860>]}
[0m23:11:02.555797 [info ] [MainThread]: Found 2 models, 4 tests, 0 snapshots, 0 analyses, 304 macros, 0 operations, 0 seed files, 0 sources, 0 exposures, 0 metrics
[0m23:11:02.557787 [debug] [MainThread]: Sending event: {'category': 'dbt', 'action': 'runnable_timing', 'label': 'b666c382-08a7-464e-bc32-738979f1d3ab', 'context': [<snowplow_tracker.self_describing_json.SelfDescribingJson object at 0x00000293B6BAF700>]}
[0m23:11:02.560774 [info ] [MainThread]: 
[0m23:11:02.565762 [debug] [MainThread]: Acquiring new snowflake connection 'master'
[0m23:11:02.570746 [debug] [ThreadPool]: Acquiring new snowflake connection 'list_DBT_DEVELOPMENT_DB'
[0m23:11:02.635220 [debug] [ThreadPool]: Using snowflake connection "list_DBT_DEVELOPMENT_DB"
[0m23:11:02.638211 [debug] [ThreadPool]: On list_DBT_DEVELOPMENT_DB: /* {"app": "dbt", "dbt_version": "1.4.1", "profile_name": "dbt_init", "target_name": "dev", "connection_name": "list_DBT_DEVELOPMENT_DB"} */
show terse schemas in database DBT_DEVELOPMENT_DB
    limit 10000
[0m23:11:02.640206 [debug] [ThreadPool]: Opening a new connection, currently in state init
[0m23:11:04.951671 [debug] [ThreadPool]: SQL status: SUCCESS 1 in 2 seconds
[0m23:11:04.955657 [debug] [ThreadPool]: On list_DBT_DEVELOPMENT_DB: Close
[0m23:11:05.122652 [debug] [ThreadPool]: Acquiring new snowflake connection 'create_DBT_DEVELOPMENT_DB_DBT_ADAM'
[0m23:11:05.126641 [debug] [ThreadPool]: Acquiring new snowflake connection 'create_DBT_DEVELOPMENT_DB_DBT_ADAM'
[0m23:11:05.128634 [debug] [ThreadPool]: Creating schema "ReferenceKeyMsg(database='dbt_development_db', schema='dbt_adam', identifier=None)"
[0m23:11:05.148582 [debug] [ThreadPool]: Using snowflake connection "create_DBT_DEVELOPMENT_DB_DBT_ADAM"
[0m23:11:05.149580 [debug] [ThreadPool]: On create_DBT_DEVELOPMENT_DB_DBT_ADAM: /* {"app": "dbt", "dbt_version": "1.4.1", "profile_name": "dbt_init", "target_name": "dev", "connection_name": "create_DBT_DEVELOPMENT_DB_DBT_ADAM"} */
create schema if not exists DBT_DEVELOPMENT_DB.DBT_ADAM
[0m23:11:05.150579 [debug] [ThreadPool]: Opening a new connection, currently in state closed
[0m23:11:06.943863 [debug] [ThreadPool]: SQL status: SUCCESS 1 in 2 seconds
[0m23:11:06.946857 [debug] [ThreadPool]: On create_DBT_DEVELOPMENT_DB_DBT_ADAM: Close
[0m23:11:07.099193 [debug] [ThreadPool]: Acquiring new snowflake connection 'list_DBT_DEVELOPMENT_DB_DBT_ADAM'
[0m23:11:07.115151 [debug] [ThreadPool]: Using snowflake connection "list_DBT_DEVELOPMENT_DB_DBT_ADAM"
[0m23:11:07.116147 [debug] [ThreadPool]: On list_DBT_DEVELOPMENT_DB_DBT_ADAM: /* {"app": "dbt", "dbt_version": "1.4.1", "profile_name": "dbt_init", "target_name": "dev", "connection_name": "list_DBT_DEVELOPMENT_DB_DBT_ADAM"} */
show terse objects in DBT_DEVELOPMENT_DB.DBT_ADAM
[0m23:11:07.117143 [debug] [ThreadPool]: Opening a new connection, currently in state init
[0m23:11:09.143815 [debug] [ThreadPool]: SQL status: SUCCESS 0 in 2 seconds
[0m23:11:09.152319 [debug] [ThreadPool]: On list_DBT_DEVELOPMENT_DB_DBT_ADAM: Close
[0m23:11:09.313427 [debug] [MainThread]: Sending event: {'category': 'dbt', 'action': 'runnable_timing', 'label': 'b666c382-08a7-464e-bc32-738979f1d3ab', 'context': [<snowplow_tracker.self_describing_json.SelfDescribingJson object at 0x00000293B4A3E800>]}
[0m23:11:09.315421 [info ] [MainThread]: Concurrency: 4 threads (target='dev')
[0m23:11:09.317415 [info ] [MainThread]: 
[0m23:11:09.356315 [debug] [Thread-1 (]: Began running node model.dbt_init.my_first_dbt_model
[0m23:11:09.357308 [info ] [Thread-1 (]: 1 of 2 START sql table model DBT_ADAM.my_first_dbt_model ....................... [RUN]
[0m23:11:09.360302 [debug] [Thread-1 (]: Acquiring new snowflake connection 'model.dbt_init.my_first_dbt_model'
[0m23:11:09.361298 [debug] [Thread-1 (]: Began compiling node model.dbt_init.my_first_dbt_model
[0m23:11:09.367285 [debug] [Thread-1 (]: Writing injected SQL for node "model.dbt_init.my_first_dbt_model"
[0m23:11:09.376261 [debug] [Thread-1 (]: Timing info for model.dbt_init.my_first_dbt_model (compile): 2023-02-15 23:11:09.362296 => 2023-02-15 23:11:09.376261
[0m23:11:09.378255 [debug] [Thread-1 (]: Began executing node model.dbt_init.my_first_dbt_model
[0m23:11:09.486863 [debug] [Thread-1 (]: Writing runtime sql for node "model.dbt_init.my_first_dbt_model"
[0m23:11:09.490855 [debug] [Thread-1 (]: Using snowflake connection "model.dbt_init.my_first_dbt_model"
[0m23:11:09.491851 [debug] [Thread-1 (]: On model.dbt_init.my_first_dbt_model: /* {"app": "dbt", "dbt_version": "1.4.1", "profile_name": "dbt_init", "target_name": "dev", "node_id": "model.dbt_init.my_first_dbt_model"} */
create or replace transient table DBT_DEVELOPMENT_DB.DBT_ADAM.my_first_dbt_model  as
        (/*
    Welcome to your first dbt model!
    Did you know that you can also configure models directly within SQL files?
    This will override configurations stated in dbt_project.yml

    Try changing "table" to "view" below
*/



with source_data as (

    select 1 as id
    union all
    select null as id

)

select *
from source_data

/*
    Uncomment the line below to remove records with null `id` values
*/

-- where id is not null
        );
[0m23:11:09.492850 [debug] [Thread-1 (]: Opening a new connection, currently in state init
[0m23:11:12.500009 [debug] [Thread-1 (]: SQL status: SUCCESS 1 in 3 seconds
[0m23:11:12.569288 [debug] [Thread-1 (]: Timing info for model.dbt_init.my_first_dbt_model (execute): 2023-02-15 23:11:09.379254 => 2023-02-15 23:11:12.569288
[0m23:11:12.570288 [debug] [Thread-1 (]: On model.dbt_init.my_first_dbt_model: Close
[0m23:11:12.713651 [debug] [Thread-1 (]: Sending event: {'category': 'dbt', 'action': 'run_model', 'label': 'b666c382-08a7-464e-bc32-738979f1d3ab', 'context': [<snowplow_tracker.self_describing_json.SelfDescribingJson object at 0x00000293B70025C0>]}
[0m23:11:12.715649 [info ] [Thread-1 (]: 1 of 2 OK created sql table model DBT_ADAM.my_first_dbt_model .................. [[32mSUCCESS 1[0m in 3.35s]
[0m23:11:12.723626 [debug] [Thread-1 (]: Finished running node model.dbt_init.my_first_dbt_model
[0m23:11:12.726617 [debug] [Thread-3 (]: Began running node model.dbt_init.my_second_dbt_model
[0m23:11:12.728612 [info ] [Thread-3 (]: 2 of 2 START sql view model DBT_ADAM.my_second_dbt_model ....................... [RUN]
[0m23:11:12.731604 [debug] [Thread-3 (]: Acquiring new snowflake connection 'model.dbt_init.my_second_dbt_model'
[0m23:11:12.732600 [debug] [Thread-3 (]: Began compiling node model.dbt_init.my_second_dbt_model
[0m23:11:12.741106 [debug] [Thread-3 (]: Writing injected SQL for node "model.dbt_init.my_second_dbt_model"
[0m23:11:12.744088 [debug] [Thread-3 (]: Timing info for model.dbt_init.my_second_dbt_model (compile): 2023-02-15 23:11:12.733599 => 2023-02-15 23:11:12.744088
[0m23:11:12.745085 [debug] [Thread-3 (]: Began executing node model.dbt_init.my_second_dbt_model
[0m23:11:12.857129 [debug] [Thread-3 (]: Writing runtime sql for node "model.dbt_init.my_second_dbt_model"
[0m23:11:12.861117 [debug] [Thread-3 (]: Using snowflake connection "model.dbt_init.my_second_dbt_model"
[0m23:11:12.862255 [debug] [Thread-3 (]: On model.dbt_init.my_second_dbt_model: /* {"app": "dbt", "dbt_version": "1.4.1", "profile_name": "dbt_init", "target_name": "dev", "node_id": "model.dbt_init.my_second_dbt_model"} */
create or replace   view DBT_DEVELOPMENT_DB.DBT_ADAM.my_second_dbt_model
  
   as (
    -- Use the `ref` function to select from other models

select *
from DBT_DEVELOPMENT_DB.DBT_ADAM.my_first_dbt_model
where id = 1
  );
[0m23:11:12.863112 [debug] [Thread-3 (]: Opening a new connection, currently in state init
[0m23:11:14.727333 [debug] [Thread-3 (]: SQL status: SUCCESS 1 in 2 seconds
[0m23:11:14.733830 [debug] [Thread-3 (]: Timing info for model.dbt_init.my_second_dbt_model (execute): 2023-02-15 23:11:12.746083 => 2023-02-15 23:11:14.733830
[0m23:11:14.734828 [debug] [Thread-3 (]: On model.dbt_init.my_second_dbt_model: Close
[0m23:11:14.885310 [debug] [Thread-3 (]: Sending event: {'category': 'dbt', 'action': 'run_model', 'label': 'b666c382-08a7-464e-bc32-738979f1d3ab', 'context': [<snowplow_tracker.self_describing_json.SelfDescribingJson object at 0x00000293B70005B0>]}
[0m23:11:14.886277 [info ] [Thread-3 (]: 2 of 2 OK created sql view model DBT_ADAM.my_second_dbt_model .................. [[32mSUCCESS 1[0m in 2.15s]
[0m23:11:14.888274 [debug] [Thread-3 (]: Finished running node model.dbt_init.my_second_dbt_model
[0m23:11:14.891265 [debug] [MainThread]: Acquiring new snowflake connection 'master'
[0m23:11:14.893260 [debug] [MainThread]: Connection 'master' was properly closed.
[0m23:11:14.893260 [debug] [MainThread]: Connection 'create_DBT_DEVELOPMENT_DB_DBT_ADAM' was properly closed.
[0m23:11:14.894256 [debug] [MainThread]: Connection 'list_DBT_DEVELOPMENT_DB_DBT_ADAM' was properly closed.
[0m23:11:14.894256 [debug] [MainThread]: Connection 'model.dbt_init.my_first_dbt_model' was properly closed.
[0m23:11:14.895257 [debug] [MainThread]: Connection 'model.dbt_init.my_second_dbt_model' was properly closed.
[0m23:11:14.896252 [info ] [MainThread]: 
[0m23:11:14.897250 [info ] [MainThread]: Finished running 1 table model, 1 view model in 0 hours 0 minutes and 12.33 seconds (12.33s).
[0m23:11:14.900240 [debug] [MainThread]: Command end result
[0m23:11:14.911210 [info ] [MainThread]: 
[0m23:11:14.912207 [info ] [MainThread]: [32mCompleted successfully[0m
[0m23:11:14.913206 [info ] [MainThread]: 
[0m23:11:14.915204 [info ] [MainThread]: Done. PASS=2 WARN=0 ERROR=0 SKIP=0 TOTAL=2
[0m23:11:14.917198 [debug] [MainThread]: Sending event: {'category': 'dbt', 'action': 'invocation', 'label': 'end', 'context': [<snowplow_tracker.self_describing_json.SelfDescribingJson object at 0x00000293B6B8B400>, <snowplow_tracker.self_describing_json.SelfDescribingJson object at 0x00000293B6B059C0>, <snowplow_tracker.self_describing_json.SelfDescribingJson object at 0x00000293B6FEDED0>]}
[0m23:11:14.918193 [debug] [MainThread]: Flushing usage events
